[   108.526] (--) Log file renamed from "/home/tango/.local/share/xorg/Xorg.pid-1448.log" to "/home/tango/.local/share/xorg/Xorg.0.log"
[   108.526] 
X.Org X Server 1.20.13
X Protocol Version 11, Revision 0
[   108.526] Build Operating System: linux Ubuntu
[   108.526] Current Operating System: Linux enine020 5.15.0-89-generic #99~20.04.1-Ubuntu SMP Thu Nov 2 15:16:47 UTC 2023 x86_64
[   108.526] Kernel command line: BOOT_IMAGE=/boot/vmlinuz-5.15.0-89-generic root=UUID=4e83a9f0-e5a4-4eda-8288-1892fa78caf4 ro quiet splash vt.handoff=7
[   108.526] Build Date: 23 October 2023  04:31:55PM
[   108.526] xorg-server 2:1.20.13-1ubuntu1~20.04.9 (For technical support please see http://www.ubuntu.com/support) 
[   108.526] Current version of pixman: 0.38.4
[   108.526] 	Before reporting problems, check http://wiki.x.org
	to make sure that you have the latest version.
[   108.526] Markers: (--) probed, (**) from config file, (==) default setting,
	(++) from command line, (!!) notice, (II) informational,
	(WW) warning, (EE) error, (NI) not implemented, (??) unknown.
[   108.527] (==) Log file: "/home/tango/.local/share/xorg/Xorg.0.log", Time: Tue Dec 12 17:59:36 2023
[   108.530] (==) Using system config directory "/usr/share/X11/xorg.conf.d"
[   108.536] (==) No Layout section.  Using the first Screen section.
[   108.536] (==) No screen section available. Using defaults.
[   108.536] (**) |-->Screen "Default Screen Section" (0)
[   108.536] (**) |   |-->Monitor "<default monitor>"
[   108.542] (==) No monitor specified for screen "Default Screen Section".
	Using a default monitor configuration.
[   108.542] (==) Automatically adding devices
[   108.542] (==) Automatically enabling devices
[   108.542] (==) Automatically adding GPU devices
[   108.542] (==) Automatically binding GPU devices
[   108.542] (==) Max clients allowed: 256, resource mask: 0x1fffff
[   108.542] (WW) The directory "/usr/share/fonts/X11/cyrillic" does not exist.
[   108.542] 	Entry deleted from font path.
[   108.542] (WW) The directory "/usr/share/fonts/X11/100dpi/" does not exist.
[   108.542] 	Entry deleted from font path.
[   108.542] (WW) The directory "/usr/share/fonts/X11/75dpi/" does not exist.
[   108.542] 	Entry deleted from font path.
[   108.542] (WW) The directory "/usr/share/fonts/X11/100dpi" does not exist.
[   108.542] 	Entry deleted from font path.
[   108.542] (WW) The directory "/usr/share/fonts/X11/75dpi" does not exist.
[   108.542] 	Entry deleted from font path.
[   108.542] (==) FontPath set to:
	/usr/share/fonts/X11/misc,
	/usr/share/fonts/X11/Type1,
	built-ins
[   108.542] (==) ModulePath set to "/usr/lib/xorg/modules"
[   108.542] (II) The server relies on udev to provide the list of input devices.
	If no devices become available, reconfigure udev or disable AutoAddDevices.
[   108.542] (II) Loader magic: 0x55c98f145020
[   108.542] (II) Module ABI versions:
[   108.542] 	X.Org ANSI C Emulation: 0.4
[   108.542] 	X.Org Video Driver: 24.1
[   108.542] 	X.Org XInput driver : 24.1
[   108.542] 	X.Org Server Extension : 10.0
[   108.543] (++) using VT number 2

[   108.544] (II) systemd-logind: took control of session /org/freedesktop/login1/session/_32
[   108.544] (II) xfree86: Adding drm device (/dev/dri/card0)
[   108.545] (II) systemd-logind: got fd for /dev/dri/card0 226:0 fd 12 paused 0
[   108.546] (--) PCI:*(0@0:2:0) 8086:9bc8:1019:a69b rev 3, Mem @ 0xb0000000/16777216, 0xa0000000/268435456, I/O @ 0x00004000/64, BIOS @ 0x????????/131072
[   108.546] (II) LoadModule: "glx"
[   108.548] (II) Loading /usr/lib/xorg/modules/extensions/libglx.so
[   108.571] (II) Module glx: vendor="X.Org Foundation"
[   108.571] 	compiled for 1.20.13, module version = 1.0.0
[   108.571] 	ABI class: X.Org Server Extension, version 10.0
[   108.571] (==) Matched modesetting as autoconfigured driver 0
[   108.571] (==) Matched fbdev as autoconfigured driver 1
[   108.571] (==) Matched vesa as autoconfigured driver 2
[   108.571] (==) Assigned the driver to the xf86ConfigLayout
[   108.571] (II) LoadModule: "modesetting"
[   108.573] (II) Loading /usr/lib/xorg/modules/drivers/modesetting_drv.so
[   108.583] (II) Module modesetting: vendor="X.Org Foundation"
[   108.583] 	compiled for 1.20.13, module version = 1.20.13
[   108.583] 	Module class: X.Org Video Driver
[   108.583] 	ABI class: X.Org Video Driver, version 24.1
[   108.583] (II) LoadModule: "fbdev"
[   108.583] (II) Loading /usr/lib/xorg/modules/drivers/fbdev_drv.so
[   108.589] (II) Module fbdev: vendor="X.Org Foundation"
[   108.589] 	compiled for 1.20.1, module version = 0.5.0
[   108.589] 	Module class: X.Org Video Driver
[   108.589] 	ABI class: X.Org Video Driver, version 24.0
[   108.589] (II) LoadModule: "vesa"
[   108.589] (II) Loading /usr/lib/xorg/modules/drivers/vesa_drv.so
[   108.592] (II) Module vesa: vendor="X.Org Foundation"
[   108.592] 	compiled for 1.20.4, module version = 2.4.0
[   108.592] 	Module class: X.Org Video Driver
[   108.592] 	ABI class: X.Org Video Driver, version 24.0
[   108.592] (II) modesetting: Driver for Modesetting Kernel Drivers: kms
[   108.592] (II) FBDEV: driver for framebuffer: fbdev
[   108.592] (II) VESA: driver for VESA chipsets: vesa
[   108.592] xf86EnableIOPorts: failed to set IOPL for I/O (Operation not permitted)
[   108.592] (II) modeset(0): using drv /dev/dri/card0
[   108.592] (WW) Falling back to old probe method for fbdev
[   108.592] (II) Loading sub module "fbdevhw"
[   108.593] (II) LoadModule: "fbdevhw"
[   108.593] (II) Loading /usr/lib/xorg/modules/libfbdevhw.so
[   108.597] (II) Module fbdevhw: vendor="X.Org Foundation"
[   108.597] 	compiled for 1.20.13, module version = 0.0.2
[   108.597] 	ABI class: X.Org Video Driver, version 24.1
[   108.597] (EE) open /dev/fb0: Permission denied
[   108.597] (WW) VGA arbiter: cannot open kernel arbiter, no multi-card support
[   108.597] (II) modeset(0): Creating default Display subsection in Screen section
	"Default Screen Section" for depth/fbbpp 24/32
[   108.597] (==) modeset(0): Depth 24, (==) framebuffer bpp 32
[   108.597] (==) modeset(0): RGB weight 888
[   108.597] (==) modeset(0): Default visual is TrueColor
[   108.597] (II) Loading sub module "glamoregl"
[   108.597] (II) LoadModule: "glamoregl"
[   108.598] (II) Loading /usr/lib/xorg/modules/libglamoregl.so
[   108.613] (II) Module glamoregl: vendor="X.Org Foundation"
[   108.613] 	compiled for 1.20.13, module version = 1.0.1
[   108.613] 	ABI class: X.Org ANSI C Emulation, version 0.4
[   108.629] (II) modeset(0): glamor X acceleration enabled on Mesa Intel(R) UHD Graphics 630 (CML GT2)
[   108.629] (II) modeset(0): glamor initialized
[   108.629] (II) modeset(0): Output DP-1 has no monitor section
[   108.632] (II) modeset(0): Output HDMI-1 has no monitor section
[   108.659] (II) modeset(0): Output HDMI-2 has no monitor section
[   108.659] (II) modeset(0): Output DP-2 has no monitor section
[   108.663] (II) modeset(0): Output HDMI-3 has no monitor section
[   108.663] (II) modeset(0): Output DP-3 has no monitor section
[   108.663] (II) modeset(0): EDID for output DP-1
[   108.667] (II) modeset(0): EDID for output HDMI-1
[   108.694] (II) modeset(0): EDID for output HDMI-2
[   108.694] (II) modeset(0): Manufacturer: BNQ  Model: 78e6  Serial#: 16843009
[   108.694] (II) modeset(0): Year: 2023  Week: 33
[   108.694] (II) modeset(0): EDID Version: 1.3
[   108.694] (II) modeset(0): Digital Display Input
[   108.694] (II) modeset(0): Max Image Size [cm]: horiz.: 60  vert.: 34
[   108.694] (II) modeset(0): Gamma: 2.20
[   108.694] (II) modeset(0): DPMS capabilities: Off
[   108.694] (II) modeset(0): Supported color encodings: RGB 4:4:4 YCrCb 4:4:4 
[   108.694] (II) modeset(0): Default color space is primary color space
[   108.694] (II) modeset(0): First detailed timing is preferred mode
[   108.694] (II) modeset(0): redX: 0.653 redY: 0.336   greenX: 0.322 greenY: 0.609
[   108.694] (II) modeset(0): blueX: 0.152 blueY: 0.061   whiteX: 0.313 whiteY: 0.329
[   108.694] (II) modeset(0): Supported established timings:
[   108.694] (II) modeset(0): 720x400@70Hz
[   108.694] (II) modeset(0): 640x480@60Hz
[   108.694] (II) modeset(0): 640x480@75Hz
[   108.694] (II) modeset(0): 800x600@60Hz
[   108.694] (II) modeset(0): 800x600@75Hz
[   108.694] (II) modeset(0): 832x624@75Hz
[   108.694] (II) modeset(0): 1024x768@60Hz
[   108.694] (II) modeset(0): 1024x768@75Hz
[   108.694] (II) modeset(0): 1280x1024@75Hz
[   108.694] (II) modeset(0): 1152x864@75Hz
[   108.694] (II) modeset(0): Manufacturer's mask: 0
[   108.694] (II) modeset(0): Supported standard timings:
[   108.694] (II) modeset(0): #0: hsize: 1920  vsize 1080  refresh: 60  vid: 49361
[   108.694] (II) modeset(0): #1: hsize: 1680  vsize 1050  refresh: 60  vid: 179
[   108.694] (II) modeset(0): #2: hsize: 1600  vsize 900  refresh: 60  vid: 49321
[   108.694] (II) modeset(0): #3: hsize: 1280  vsize 1024  refresh: 60  vid: 32897
[   108.694] (II) modeset(0): #4: hsize: 1280  vsize 800  refresh: 60  vid: 129
[   108.694] (II) modeset(0): #5: hsize: 1280  vsize 720  refresh: 60  vid: 49281
[   108.694] (II) modeset(0): Supported detailed timing:
[   108.694] (II) modeset(0): clock: 148.5 MHz   Image Size:  598 x 336 mm
[   108.694] (II) modeset(0): h_active: 1920  h_sync: 2008  h_sync_end 2052 h_blank_end 2200 h_border: 0
[   108.694] (II) modeset(0): v_active: 1080  v_sync: 1084  v_sync_end 1089 v_blanking: 1125 v_border: 0
[   108.694] (II) modeset(0): Serial No: ET58P0087704U
[   108.694] (II) modeset(0): Ranges: V min: 50 V max: 76 Hz, H min: 30 H max: 83 kHz, PixClock max 175 MHz
[   108.694] (II) modeset(0): Monitor name: BenQ GW2780
[   108.694] (II) modeset(0): Supported detailed timing:
[   108.694] (II) modeset(0): clock: 148.5 MHz   Image Size:  598 x 336 mm
[   108.694] (II) modeset(0): h_active: 1920  h_sync: 2008  h_sync_end 2052 h_blank_end 2200 h_border: 0
[   108.694] (II) modeset(0): v_active: 1080  v_sync: 1084  v_sync_end 1089 v_blanking: 1125 v_border: 0
[   108.694] (II) modeset(0): Supported detailed timing:
[   108.694] (II) modeset(0): clock: 74.2 MHz   Image Size:  598 x 336 mm
[   108.694] (II) modeset(0): h_active: 1920  h_sync: 2008  h_sync_end 2052 h_blank_end 2200 h_border: 0
[   108.694] (II) modeset(0): v_active: 540  v_sync: 542  v_sync_end 547 v_blanking: 562 v_border: 0
[   108.694] (II) modeset(0): Supported detailed timing:
[   108.694] (II) modeset(0): clock: 74.2 MHz   Image Size:  598 x 336 mm
[   108.694] (II) modeset(0): h_active: 1280  h_sync: 1390  h_sync_end 1430 h_blank_end 1650 h_border: 0
[   108.694] (II) modeset(0): v_active: 720  v_sync: 725  v_sync_end 730 v_blanking: 750 v_border: 0
[   108.694] (II) modeset(0): Supported detailed timing:
[   108.694] (II) modeset(0): clock: 27.0 MHz   Image Size:  598 x 336 mm
[   108.694] (II) modeset(0): h_active: 720  h_sync: 736  h_sync_end 798 h_blank_end 858 h_border: 0
[   108.694] (II) modeset(0): v_active: 480  v_sync: 489  v_sync_end 495 v_blanking: 525 v_border: 0
[   108.694] (II) modeset(0): Number of EDID sections to follow: 1
[   108.694] (II) modeset(0): EDID (in hex):
[   108.694] (II) modeset(0): 	00ffffffffffff0009d1e67801010101
[   108.694] (II) modeset(0): 	21210103803c22782e4825a756529c27
[   108.694] (II) modeset(0): 	0f5054a56b80d1c0b300a9c081808100
[   108.694] (II) modeset(0): 	81c001010101023a801871382d40582c
[   108.694] (II) modeset(0): 	450056502100001e000000ff00455435
[   108.694] (II) modeset(0): 	38503030383737303455000000fd0032
[   108.694] (II) modeset(0): 	4c1e5311000a202020202020000000fc
[   108.694] (II) modeset(0): 	0042656e51204757323738300a20013b
[   108.694] (II) modeset(0): 	020322f14f901f041303120211011406
[   108.694] (II) modeset(0): 	07151605230907078301000065030c00
[   108.694] (II) modeset(0): 	1000023a801871382d40582c45005650
[   108.694] (II) modeset(0): 	2100001f011d8018711c1620582c2500
[   108.694] (II) modeset(0): 	56502100009f011d007251d01e206e28
[   108.694] (II) modeset(0): 	550056502100001e8c0ad08a20e02d10
[   108.694] (II) modeset(0): 	103e9600565021000018000000000000
[   108.694] (II) modeset(0): 	00000000000000000000000000000047
[   108.694] (II) modeset(0): Printing probed modes for output HDMI-2
[   108.694] (II) modeset(0): Modeline "1920x1080"x60.0  148.50  1920 2008 2052 2200  1080 1084 1089 1125 +hsync +vsync (67.5 kHz eP)
[   108.694] (II) modeset(0): Modeline "1920x1080"x50.0  148.50  1920 2448 2492 2640  1080 1084 1089 1125 +hsync +vsync (56.2 kHz e)
[   108.694] (II) modeset(0): Modeline "1920x1080"x59.9  148.35  1920 2008 2052 2200  1080 1084 1089 1125 +hsync +vsync (67.4 kHz e)
[   108.694] (II) modeset(0): Modeline "1920x1080i"x60.0   74.25  1920 2008 2052 2200  1080 1084 1094 1125 interlace +hsync +vsync (33.8 kHz e)
[   108.694] (II) modeset(0): Modeline "1920x1080i"x50.0   74.25  1920 2448 2492 2640  1080 1084 1094 1125 interlace +hsync +vsync (28.1 kHz e)
[   108.694] (II) modeset(0): Modeline "1920x1080i"x59.9   74.18  1920 2008 2052 2200  1080 1084 1094 1125 interlace +hsync +vsync (33.7 kHz e)
[   108.694] (II) modeset(0): Modeline "1680x1050"x59.9  119.00  1680 1728 1760 1840  1050 1053 1059 1080 +hsync -vsync (64.7 kHz e)
[   108.694] (II) modeset(0): Modeline "1600x900"x60.0  108.00  1600 1624 1704 1800  900 901 904 1000 +hsync +vsync (60.0 kHz e)
[   108.694] (II) modeset(0): Modeline "1280x1024"x75.0  135.00  1280 1296 1440 1688  1024 1025 1028 1066 +hsync +vsync (80.0 kHz e)
[   108.694] (II) modeset(0): Modeline "1280x1024"x60.0  108.00  1280 1328 1440 1688  1024 1025 1028 1066 +hsync +vsync (64.0 kHz e)
[   108.694] (II) modeset(0): Modeline "1280x800"x59.9   71.00  1280 1328 1360 1440  800 803 809 823 +hsync -vsync (49.3 kHz e)
[   108.694] (II) modeset(0): Modeline "1152x864"x75.0  108.00  1152 1216 1344 1600  864 865 868 900 +hsync +vsync (67.5 kHz e)
[   108.694] (II) modeset(0): Modeline "1280x720"x60.0   74.25  1280 1390 1430 1650  720 725 730 750 +hsync +vsync (45.0 kHz e)
[   108.694] (II) modeset(0): Modeline "1280x720"x50.0   74.25  1280 1720 1760 1980  720 725 730 750 +hsync +vsync (37.5 kHz e)
[   108.694] (II) modeset(0): Modeline "1280x720"x59.9   74.18  1280 1390 1430 1650  720 725 730 750 +hsync +vsync (45.0 kHz e)
[   108.694] (II) modeset(0): Modeline "1024x768"x75.0   78.75  1024 1040 1136 1312  768 769 772 800 +hsync +vsync (60.0 kHz e)
[   108.694] (II) modeset(0): Modeline "1024x768"x60.0   65.00  1024 1048 1184 1344  768 771 777 806 -hsync -vsync (48.4 kHz e)
[   108.694] (II) modeset(0): Modeline "832x624"x74.6   57.28  832 864 928 1152  624 625 628 667 -hsync -vsync (49.7 kHz e)
[   108.694] (II) modeset(0): Modeline "800x600"x75.0   49.50  800 816 896 1056  600 601 604 625 +hsync +vsync (46.9 kHz e)
[   108.694] (II) modeset(0): Modeline "800x600"x60.3   40.00  800 840 968 1056  600 601 605 628 +hsync +vsync (37.9 kHz e)
[   108.694] (II) modeset(0): Modeline "720x576"x50.0   27.00  720 732 796 864  576 581 586 625 -hsync -vsync (31.2 kHz e)
[   108.694] (II) modeset(0): Modeline "720x576i"x50.0   13.50  720 732 795 864  576 580 586 625 interlace -hsync -vsync (15.6 kHz e)
[   108.694] (II) modeset(0): Modeline "720x480"x60.0   27.03  720 736 798 858  480 489 495 525 -hsync -vsync (31.5 kHz e)
[   108.694] (II) modeset(0): Modeline "720x480"x59.9   27.00  720 736 798 858  480 489 495 525 -hsync -vsync (31.5 kHz e)
[   108.694] (II) modeset(0): Modeline "720x480i"x60.0   13.51  720 739 801 858  480 488 494 525 interlace -hsync -vsync (15.8 kHz e)
[   108.694] (II) modeset(0): Modeline "720x480i"x59.9   13.50  720 739 801 858  480 488 494 525 interlace -hsync -vsync (15.7 kHz e)
[   108.694] (II) modeset(0): Modeline "640x480"x75.0   31.50  640 656 720 840  480 481 484 500 -hsync -vsync (37.5 kHz e)
[   108.694] (II) modeset(0): Modeline "640x480"x60.0   25.20  640 656 752 800  480 490 492 525 -hsync -vsync (31.5 kHz e)
[   108.694] (II) modeset(0): Modeline "640x480"x59.9   25.18  640 656 752 800  480 490 492 525 -hsync -vsync (31.5 kHz e)
[   108.694] (II) modeset(0): Modeline "720x400"x70.1   28.32  720 738 846 900  400 412 414 449 -hsync +vsync (31.5 kHz e)
[   108.694] (II) modeset(0): EDID for output DP-2
[   108.698] (II) modeset(0): EDID for output HDMI-3
[   108.698] (II) modeset(0): EDID for output DP-3
[   108.698] (II) modeset(0): Output DP-1 disconnected
[   108.698] (II) modeset(0): Output HDMI-1 disconnected
[   108.698] (II) modeset(0): Output HDMI-2 connected
[   108.698] (II) modeset(0): Output DP-2 disconnected
[   108.698] (II) modeset(0): Output HDMI-3 disconnected
[   108.698] (II) modeset(0): Output DP-3 disconnected
[   108.698] (II) modeset(0): Using exact sizes for initial modes
[   108.698] (II) modeset(0): Output HDMI-2 using initial mode 1920x1080 +0+0
[   108.698] (==) modeset(0): Using gamma correction (1.0, 1.0, 1.0)
[   108.698] (==) modeset(0): DPI set to (96, 96)
[   108.698] (II) Loading sub module "fb"
[   108.698] (II) LoadModule: "fb"
[   108.698] (II) Loading /usr/lib/xorg/modules/libfb.so
[   108.711] (II) Module fb: vendor="X.Org Foundation"
[   108.711] 	compiled for 1.20.13, module version = 1.0.0
[   108.711] 	ABI class: X.Org ANSI C Emulation, version 0.4
[   108.711] (II) UnloadModule: "fbdev"
[   108.711] (II) Unloading fbdev
[   108.711] (II) UnloadSubModule: "fbdevhw"
[   108.711] (II) Unloading fbdevhw
[   108.711] (II) UnloadModule: "vesa"
[   108.711] (II) Unloading vesa
[   108.790] (==) modeset(0): Backing store enabled
[   108.790] (==) modeset(0): Silken mouse enabled
[   108.944] (II) modeset(0): Initializing kms color map for depth 24, 8 bpc.
[   108.944] (==) modeset(0): DPMS enabled
[   108.945] (II) modeset(0): [DRI2] Setup complete
[   108.945] (II) modeset(0): [DRI2]   DRI driver: iris
[   108.945] (II) modeset(0): [DRI2]   VDPAU driver: va_gl
[   108.945] (II) Initializing extension Generic Event Extension
[   108.945] (II) Initializing extension SHAPE
[   108.946] (II) Initializing extension MIT-SHM
[   108.946] (II) Initializing extension XInputExtension
[   108.958] (II) Initializing extension XTEST
[   108.959] (II) Initializing extension BIG-REQUESTS
[   108.959] (II) Initializing extension SYNC
[   108.959] (II) Initializing extension XKEYBOARD
[   108.960] (II) Initializing extension XC-MISC
[   108.961] (II) Initializing extension SECURITY
[   108.961] (II) Initializing extension XFIXES
[   108.962] (II) Initializing extension RENDER
[   108.962] (II) Initializing extension RANDR
[   108.963] (II) Initializing extension COMPOSITE
[   108.963] (II) Initializing extension DAMAGE
[   108.964] (II) Initializing extension MIT-SCREEN-SAVER
[   108.964] (II) Initializing extension DOUBLE-BUFFER
[   108.965] (II) Initializing extension RECORD
[   108.965] (II) Initializing extension DPMS
[   108.966] (II) Initializing extension Present
[   108.966] (II) Initializing extension DRI3
[   108.967] (II) Initializing extension X-Resource
[   108.967] (II) Initializing extension XVideo
[   108.967] (II) Initializing extension XVideo-MotionCompensation
[   108.967] (II) Initializing extension SELinux
[   108.968] (II) SELinux: Disabled on system
[   108.968] (II) Initializing extension GLX
[   108.984] (II) AIGLX: Loaded and initialized iris
[   108.984] (II) GLX: Initialized DRI2 GL provider for screen 0
[   108.984] (II) Initializing extension XFree86-VidModeExtension
[   108.984] (II) Initializing extension XFree86-DGA
[   108.985] (II) Initializing extension XFree86-DRI
[   108.985] (II) Initializing extension DRI2
[   108.985] (II) modeset(0): Damage tracking initialized
[   108.985] (II) modeset(0): Setting screen physical size to 508 x 285
[   109.024] (II) config/udev: Adding input device Power Button (/dev/input/event2)
[   109.024] (**) Power Button: Applying InputClass "libinput keyboard catchall"
[   109.024] (II) LoadModule: "libinput"
[   109.024] (II) Loading /usr/lib/xorg/modules/input/libinput_drv.so
[   109.037] (II) Module libinput: vendor="X.Org Foundation"
[   109.037] 	compiled for 1.20.4, module version = 0.29.0
[   109.037] 	Module class: X.Org XInput Driver
[   109.037] 	ABI class: X.Org XInput driver, version 24.1
[   109.037] (II) Using input driver 'libinput' for 'Power Button'
[   109.038] (II) systemd-logind: got fd for /dev/input/event2 13:66 fd 26 paused 0
[   109.038] (**) Power Button: always reports core events
[   109.038] (**) Option "Device" "/dev/input/event2"
[   109.038] (**) Option "_source" "server/udev"
[   109.039] (II) event2  - Power Button: is tagged by udev as: Keyboard
[   109.039] (II) event2  - Power Button: device is a keyboard
[   109.039] (II) event2  - Power Button: device removed
[   109.039] (**) Option "config_info" "udev:/sys/devices/LNXSYSTM:00/LNXPWRBN:00/input/input2/event2"
[   109.039] (II) XINPUT: Adding extended input device "Power Button" (type: KEYBOARD, id 6)
[   109.039] (**) Option "xkb_model" "pc105"
[   109.039] (**) Option "xkb_layout" "us"
[   109.039] (II) event2  - Power Button: is tagged by udev as: Keyboard
[   109.039] (II) event2  - Power Button: device is a keyboard
[   109.040] (II) config/udev: Adding input device Video Bus (/dev/input/event8)
[   109.040] (**) Video Bus: Applying InputClass "libinput keyboard catchall"
[   109.040] (II) Using input driver 'libinput' for 'Video Bus'
[   109.040] (II) systemd-logind: got fd for /dev/input/event8 13:72 fd 29 paused 0
[   109.040] (**) Video Bus: always reports core events
[   109.040] (**) Option "Device" "/dev/input/event8"
[   109.040] (**) Option "_source" "server/udev"
[   109.040] (II) event8  - Video Bus: is tagged by udev as: Keyboard
[   109.040] (II) event8  - Video Bus: device is a keyboard
[   109.040] (II) event8  - Video Bus: device removed
[   109.040] (**) Option "config_info" "udev:/sys/devices/LNXSYSTM:00/LNXSYBUS:00/PNP0A08:00/LNXVIDEO:00/input/input8/event8"
[   109.040] (II) XINPUT: Adding extended input device "Video Bus" (type: KEYBOARD, id 7)
[   109.040] (**) Option "xkb_model" "pc105"
[   109.040] (**) Option "xkb_layout" "us"
[   109.041] (II) event8  - Video Bus: is tagged by udev as: Keyboard
[   109.041] (II) event8  - Video Bus: device is a keyboard
[   109.041] (II) config/udev: Adding input device Power Button (/dev/input/event1)
[   109.041] (**) Power Button: Applying InputClass "libinput keyboard catchall"
[   109.041] (II) Using input driver 'libinput' for 'Power Button'
[   109.042] (II) systemd-logind: got fd for /dev/input/event1 13:65 fd 30 paused 0
[   109.042] (**) Power Button: always reports core events
[   109.042] (**) Option "Device" "/dev/input/event1"
[   109.042] (**) Option "_source" "server/udev"
[   109.042] (II) event1  - Power Button: is tagged by udev as: Keyboard
[   109.042] (II) event1  - Power Button: device is a keyboard
[   109.042] (II) event1  - Power Button: device removed
[   109.042] (**) Option "config_info" "udev:/sys/devices/LNXSYSTM:00/LNXSYBUS:00/PNP0C0C:00/input/input1/event1"
[   109.042] (II) XINPUT: Adding extended input device "Power Button" (type: KEYBOARD, id 8)
[   109.042] (**) Option "xkb_model" "pc105"
[   109.042] (**) Option "xkb_layout" "us"
[   109.042] (II) event1  - Power Button: is tagged by udev as: Keyboard
[   109.043] (II) event1  - Power Button: device is a keyboard
[   109.043] (II) config/udev: Adding input device Sleep Button (/dev/input/event0)
[   109.043] (**) Sleep Button: Applying InputClass "libinput keyboard catchall"
[   109.043] (II) Using input driver 'libinput' for 'Sleep Button'
[   109.043] (II) systemd-logind: got fd for /dev/input/event0 13:64 fd 31 paused 0
[   109.043] (**) Sleep Button: always reports core events
[   109.043] (**) Option "Device" "/dev/input/event0"
[   109.043] (**) Option "_source" "server/udev"
[   109.044] (II) event0  - Sleep Button: is tagged by udev as: Keyboard
[   109.044] (II) event0  - Sleep Button: device is a keyboard
[   109.044] (II) event0  - Sleep Button: device removed
[   109.044] (**) Option "config_info" "udev:/sys/devices/LNXSYSTM:00/LNXSYBUS:00/PNP0C0E:00/input/input0/event0"
[   109.044] (II) XINPUT: Adding extended input device "Sleep Button" (type: KEYBOARD, id 9)
[   109.044] (**) Option "xkb_model" "pc105"
[   109.044] (**) Option "xkb_layout" "us"
[   109.044] (II) event0  - Sleep Button: is tagged by udev as: Keyboard
[   109.044] (II) event0  - Sleep Button: device is a keyboard
[   109.045] (II) config/udev: Adding input device Logitech USB Optical Mouse (/dev/input/event3)
[   109.045] (**) Logitech USB Optical Mouse: Applying InputClass "libinput pointer catchall"
[   109.045] (II) Using input driver 'libinput' for 'Logitech USB Optical Mouse'
[   109.045] (II) systemd-logind: got fd for /dev/input/event3 13:67 fd 32 paused 0
[   109.045] (**) Logitech USB Optical Mouse: always reports core events
[   109.045] (**) Option "Device" "/dev/input/event3"
[   109.045] (**) Option "_source" "server/udev"
[   109.046] (II) event3  - Logitech USB Optical Mouse: is tagged by udev as: Mouse
[   109.046] (II) event3  - Logitech USB Optical Mouse: device is a pointer
[   109.046] (II) event3  - Logitech USB Optical Mouse: device removed
[   109.046] (**) Option "config_info" "udev:/sys/devices/pci0000:00/0000:00:14.0/usb1/1-5/1-5.2/1-5.2:1.0/0003:046D:C077.0001/input/input3/event3"
[   109.046] (II) XINPUT: Adding extended input device "Logitech USB Optical Mouse" (type: MOUSE, id 10)
[   109.046] (**) Option "AccelerationScheme" "none"
[   109.046] (**) Logitech USB Optical Mouse: (accel) selected scheme none/0
[   109.046] (**) Logitech USB Optical Mouse: (accel) acceleration factor: 2.000
[   109.046] (**) Logitech USB Optical Mouse: (accel) acceleration threshold: 4
[   109.047] (II) event3  - Logitech USB Optical Mouse: is tagged by udev as: Mouse
[   109.047] (II) event3  - Logitech USB Optical Mouse: device is a pointer
[   109.047] (II) config/udev: Adding input device Logitech USB Optical Mouse (/dev/input/mouse0)
[   109.047] (II) No input driver specified, ignoring this device.
[   109.047] (II) This device may have been added with another device file.
[   109.048] (II) config/udev: Adding input device Primax Dell Wired Multimedia Keyboard (/dev/input/event4)
[   109.048] (**) Primax Dell Wired Multimedia Keyboard: Applying InputClass "libinput keyboard catchall"
[   109.048] (II) Using input driver 'libinput' for 'Primax Dell Wired Multimedia Keyboard'
[   109.048] (II) systemd-logind: got fd for /dev/input/event4 13:68 fd 33 paused 0
[   109.048] (**) Primax Dell Wired Multimedia Keyboard: always reports core events
[   109.048] (**) Option "Device" "/dev/input/event4"
[   109.048] (**) Option "_source" "server/udev"
[   109.049] (II) event4  - Primax Dell Wired Multimedia Keyboard: is tagged by udev as: Keyboard
[   109.049] (II) event4  - Primax Dell Wired Multimedia Keyboard: device is a keyboard
[   109.049] (II) event4  - Primax Dell Wired Multimedia Keyboard: device removed
[   109.049] (**) Option "config_info" "udev:/sys/devices/pci0000:00/0000:00:14.0/usb1/1-5/1-5.4/1-5.4:1.0/0003:413C:2110.0002/input/input4/event4"
[   109.049] (II) XINPUT: Adding extended input device "Primax Dell Wired Multimedia Keyboard" (type: KEYBOARD, id 11)
[   109.049] (**) Option "xkb_model" "pc105"
[   109.049] (**) Option "xkb_layout" "us"
[   109.050] (II) event4  - Primax Dell Wired Multimedia Keyboard: is tagged by udev as: Keyboard
[   109.050] (II) event4  - Primax Dell Wired Multimedia Keyboard: device is a keyboard
[   109.051] (II) config/udev: Adding input device Primax Dell Wired Multimedia Keyboard Mouse (/dev/input/event5)
[   109.051] (**) Primax Dell Wired Multimedia Keyboard Mouse: Applying InputClass "libinput pointer catchall"
[   109.051] (II) Using input driver 'libinput' for 'Primax Dell Wired Multimedia Keyboard Mouse'
[   109.051] (II) systemd-logind: got fd for /dev/input/event5 13:69 fd 34 paused 0
[   109.051] (**) Primax Dell Wired Multimedia Keyboard Mouse: always reports core events
[   109.051] (**) Option "Device" "/dev/input/event5"
[   109.051] (**) Option "_source" "server/udev"
[   109.052] (II) event5  - Primax Dell Wired Multimedia Keyboard Mouse: is tagged by udev as: Mouse
[   109.052] (II) event5  - Primax Dell Wired Multimedia Keyboard Mouse: device is a pointer
[   109.052] (II) event5  - Primax Dell Wired Multimedia Keyboard Mouse: device removed
[   109.052] (**) Option "config_info" "udev:/sys/devices/pci0000:00/0000:00:14.0/usb1/1-5/1-5.4/1-5.4:1.1/0003:413C:2110.0003/input/input5/event5"
[   109.052] (II) XINPUT: Adding extended input device "Primax Dell Wired Multimedia Keyboard Mouse" (type: MOUSE, id 12)
[   109.052] (**) Option "AccelerationScheme" "none"
[   109.052] (**) Primax Dell Wired Multimedia Keyboard Mouse: (accel) selected scheme none/0
[   109.052] (**) Primax Dell Wired Multimedia Keyboard Mouse: (accel) acceleration factor: 2.000
[   109.052] (**) Primax Dell Wired Multimedia Keyboard Mouse: (accel) acceleration threshold: 4
[   109.053] (II) event5  - Primax Dell Wired Multimedia Keyboard Mouse: is tagged by udev as: Mouse
[   109.053] (II) event5  - Primax Dell Wired Multimedia Keyboard Mouse: device is a pointer
[   109.053] (II) config/udev: Adding input device Primax Dell Wired Multimedia Keyboard Mouse (/dev/input/mouse1)
[   109.053] (II) No input driver specified, ignoring this device.
[   109.053] (II) This device may have been added with another device file.
[   109.054] (II) config/udev: Adding input device Primax Dell Wired Multimedia Keyboard System Control (/dev/input/event6)
[   109.054] (**) Primax Dell Wired Multimedia Keyboard System Control: Applying InputClass "libinput keyboard catchall"
[   109.054] (II) Using input driver 'libinput' for 'Primax Dell Wired Multimedia Keyboard System Control'
[   109.054] (II) systemd-logind: got fd for /dev/input/event6 13:70 fd 35 paused 0
[   109.054] (**) Primax Dell Wired Multimedia Keyboard System Control: always reports core events
[   109.054] (**) Option "Device" "/dev/input/event6"
[   109.054] (**) Option "_source" "server/udev"
[   109.055] (II) event6  - Primax Dell Wired Multimedia Keyboard System Control: is tagged by udev as: Keyboard
[   109.055] (II) event6  - Primax Dell Wired Multimedia Keyboard System Control: device is a keyboard
[   109.055] (II) event6  - Primax Dell Wired Multimedia Keyboard System Control: device removed
[   109.055] (**) Option "config_info" "udev:/sys/devices/pci0000:00/0000:00:14.0/usb1/1-5/1-5.4/1-5.4:1.1/0003:413C:2110.0003/input/input6/event6"
[   109.055] (II) XINPUT: Adding extended input device "Primax Dell Wired Multimedia Keyboard System Control" (type: KEYBOARD, id 13)
[   109.055] (**) Option "xkb_model" "pc105"
[   109.055] (**) Option "xkb_layout" "us"
[   109.056] (II) event6  - Primax Dell Wired Multimedia Keyboard System Control: is tagged by udev as: Keyboard
[   109.056] (II) event6  - Primax Dell Wired Multimedia Keyboard System Control: device is a keyboard
[   109.056] (II) config/udev: Adding input device Primax Dell Wired Multimedia Keyboard Consumer Control (/dev/input/event7)
[   109.056] (**) Primax Dell Wired Multimedia Keyboard Consumer Control: Applying InputClass "libinput keyboard catchall"
[   109.056] (II) Using input driver 'libinput' for 'Primax Dell Wired Multimedia Keyboard Consumer Control'
[   109.057] (II) systemd-logind: got fd for /dev/input/event7 13:71 fd 36 paused 0
[   109.057] (**) Primax Dell Wired Multimedia Keyboard Consumer Control: always reports core events
[   109.057] (**) Option "Device" "/dev/input/event7"
[   109.057] (**) Option "_source" "server/udev"
[   109.058] (II) event7  - Primax Dell Wired Multimedia Keyboard Consumer Control: is tagged by udev as: Keyboard
[   109.058] (II) event7  - Primax Dell Wired Multimedia Keyboard Consumer Control: device is a keyboard
[   109.058] (II) event7  - Primax Dell Wired Multimedia Keyboard Consumer Control: device removed
[   109.058] (**) Option "config_info" "udev:/sys/devices/pci0000:00/0000:00:14.0/usb1/1-5/1-5.4/1-5.4:1.1/0003:413C:2110.0003/input/input7/event7"
[   109.058] (II) XINPUT: Adding extended input device "Primax Dell Wired Multimedia Keyboard Consumer Control" (type: KEYBOARD, id 14)
[   109.058] (**) Option "xkb_model" "pc105"
[   109.058] (**) Option "xkb_layout" "us"
[   109.059] (II) event7  - Primax Dell Wired Multimedia Keyboard Consumer Control: is tagged by udev as: Keyboard
[   109.059] (II) event7  - Primax Dell Wired Multimedia Keyboard Consumer Control: device is a keyboard
[   109.059] (II) config/udev: Adding input device HDA Intel PCH Headphone (/dev/input/event10)
[   109.059] (II) No input driver specified, ignoring this device.
[   109.059] (II) This device may have been added with another device file.
[   109.059] (II) config/udev: Adding input device HDA Intel PCH HDMI/DP,pcm=3 (/dev/input/event11)
[   109.059] (II) No input driver specified, ignoring this device.
[   109.059] (II) This device may have been added with another device file.
[   109.059] (II) config/udev: Adding input device HDA Intel PCH HDMI/DP,pcm=7 (/dev/input/event12)
[   109.059] (II) No input driver specified, ignoring this device.
[   109.059] (II) This device may have been added with another device file.
[   109.060] (II) config/udev: Adding input device HDA Intel PCH HDMI/DP,pcm=8 (/dev/input/event13)
[   109.060] (II) No input driver specified, ignoring this device.
[   109.060] (II) This device may have been added with another device file.
[   109.060] (II) config/udev: Adding input device HDA Intel PCH HDMI/DP,pcm=9 (/dev/input/event14)
[   109.060] (II) No input driver specified, ignoring this device.
[   109.060] (II) This device may have been added with another device file.
[   109.060] (II) config/udev: Adding input device HDA Intel PCH HDMI/DP,pcm=10 (/dev/input/event15)
[   109.060] (II) No input driver specified, ignoring this device.
[   109.060] (II) This device may have been added with another device file.
[   109.060] (II) config/udev: Adding input device HDA Intel PCH Mic (/dev/input/event9)
[   109.060] (II) No input driver specified, ignoring this device.
[   109.060] (II) This device may have been added with another device file.
[   110.120] (II) modeset(0): EDID vendor "BNQ", prod id 30950
[   110.120] (II) modeset(0): Using EDID range info for horizontal sync
[   110.120] (II) modeset(0): Using EDID range info for vertical refresh
[   110.120] (II) modeset(0): Printing DDC gathered Modelines:
[   110.120] (II) modeset(0): Modeline "1920x1080"x0.0  148.50  1920 2008 2052 2200  1080 1084 1089 1125 +hsync +vsync (67.5 kHz eP)
[   110.120] (II) modeset(0): Modeline "1920x1080i"x0.0   74.25  1920 2008 2052 2200  1080 1084 1094 1125 interlace +hsync +vsync (33.8 kHz e)
[   110.120] (II) modeset(0): Modeline "1280x720"x0.0   74.25  1280 1390 1430 1650  720 725 730 750 +hsync +vsync (45.0 kHz e)
[   110.120] (II) modeset(0): Modeline "720x480"x0.0   27.00  720 736 798 858  480 489 495 525 -hsync -vsync (31.5 kHz e)
[   110.120] (II) modeset(0): Modeline "1920x1080"x0.0  148.50  1920 2448 2492 2640  1080 1084 1089 1125 +hsync +vsync (56.2 kHz e)
[   110.120] (II) modeset(0): Modeline "1280x720"x0.0   74.25  1280 1720 1760 1980  720 725 730 750 +hsync +vsync (37.5 kHz e)
[   110.120] (II) modeset(0): Modeline "720x576"x0.0   27.00  720 732 796 864  576 581 586 625 -hsync -vsync (31.2 kHz e)
[   110.120] (II) modeset(0): Modeline "640x480"x0.0   25.18  640 656 752 800  480 490 492 525 -hsync -vsync (31.5 kHz e)
[   110.120] (II) modeset(0): Modeline "1920x1080i"x0.0   74.25  1920 2448 2492 2640  1080 1084 1094 1125 interlace +hsync +vsync (28.1 kHz e)
[   110.120] (II) modeset(0): Modeline "1440x480i"x0.0   27.00  1440 1478 1602 1716  480 488 494 525 interlace -hsync -vsync (15.7 kHz e)
[   110.120] (II) modeset(0): Modeline "1440x576i"x0.0   27.00  1440 1464 1590 1728  576 580 586 625 interlace -hsync -vsync (15.6 kHz e)
[   110.120] (II) modeset(0): Modeline "800x600"x0.0   40.00  800 840 968 1056  600 601 605 628 +hsync +vsync (37.9 kHz e)
[   110.120] (II) modeset(0): Modeline "640x480"x0.0   31.50  640 656 720 840  480 481 484 500 -hsync -vsync (37.5 kHz e)
[   110.120] (II) modeset(0): Modeline "720x400"x0.0   28.32  720 738 846 900  400 412 414 449 -hsync +vsync (31.5 kHz e)
[   110.120] (II) modeset(0): Modeline "1280x1024"x0.0  135.00  1280 1296 1440 1688  1024 1025 1028 1066 +hsync +vsync (80.0 kHz e)
[   110.120] (II) modeset(0): Modeline "1024x768"x0.0   78.75  1024 1040 1136 1312  768 769 772 800 +hsync +vsync (60.0 kHz e)
[   110.120] (II) modeset(0): Modeline "1024x768"x0.0   65.00  1024 1048 1184 1344  768 771 777 806 -hsync -vsync (48.4 kHz e)
[   110.120] (II) modeset(0): Modeline "832x624"x0.0   57.28  832 864 928 1152  624 625 628 667 -hsync -vsync (49.7 kHz e)
[   110.120] (II) modeset(0): Modeline "800x600"x0.0   49.50  800 816 896 1056  600 601 604 625 +hsync +vsync (46.9 kHz e)
[   110.120] (II) modeset(0): Modeline "1152x864"x0.0  108.00  1152 1216 1344 1600  864 865 868 900 +hsync +vsync (67.5 kHz e)
[   110.120] (II) modeset(0): Modeline "1680x1050"x0.0  119.00  1680 1728 1760 1840  1050 1053 1059 1080 +hsync -vsync (64.7 kHz e)
[   110.120] (II) modeset(0): Modeline "1600x900"x60.0  119.00  1600 1696 1864 2128  900 901 904 932 -hsync +vsync (55.9 kHz e)
[   110.120] (II) modeset(0): Modeline "1280x1024"x0.0  108.00  1280 1328 1440 1688  1024 1025 1028 1066 +hsync +vsync (64.0 kHz e)
[   110.120] (II) modeset(0): Modeline "1280x800"x0.0   71.00  1280 1328 1360 1440  800 803 809 823 +hsync -vsync (49.3 kHz e)
[   111.187] (II) modeset(0): EDID vendor "BNQ", prod id 30950
[   111.187] (II) modeset(0): Using hsync ranges from config file
[   111.187] (II) modeset(0): Using vrefresh ranges from config file
[   111.187] (II) modeset(0): Printing DDC gathered Modelines:
[   111.187] (II) modeset(0): Modeline "1920x1080"x0.0  148.50  1920 2008 2052 2200  1080 1084 1089 1125 +hsync +vsync (67.5 kHz eP)
[   111.187] (II) modeset(0): Modeline "1920x1080i"x0.0   74.25  1920 2008 2052 2200  1080 1084 1094 1125 interlace +hsync +vsync (33.8 kHz e)
[   111.187] (II) modeset(0): Modeline "1280x720"x0.0   74.25  1280 1390 1430 1650  720 725 730 750 +hsync +vsync (45.0 kHz e)
[   111.187] (II) modeset(0): Modeline "720x480"x0.0   27.00  720 736 798 858  480 489 495 525 -hsync -vsync (31.5 kHz e)
[   111.187] (II) modeset(0): Modeline "1920x1080"x0.0  148.50  1920 2448 2492 2640  1080 1084 1089 1125 +hsync +vsync (56.2 kHz e)
[   111.187] (II) modeset(0): Modeline "1280x720"x0.0   74.25  1280 1720 1760 1980  720 725 730 750 +hsync +vsync (37.5 kHz e)
[   111.187] (II) modeset(0): Modeline "720x576"x0.0   27.00  720 732 796 864  576 581 586 625 -hsync -vsync (31.2 kHz e)
[   111.188] (II) modeset(0): Modeline "640x480"x0.0   25.18  640 656 752 800  480 490 492 525 -hsync -vsync (31.5 kHz e)
[   111.188] (II) modeset(0): Modeline "1920x1080i"x0.0   74.25  1920 2448 2492 2640  1080 1084 1094 1125 interlace +hsync +vsync (28.1 kHz e)
[   111.188] (II) modeset(0): Modeline "1440x480i"x0.0   27.00  1440 1478 1602 1716  480 488 494 525 interlace -hsync -vsync (15.7 kHz e)
[   111.188] (II) modeset(0): Modeline "1440x576i"x0.0   27.00  1440 1464 1590 1728  576 580 586 625 interlace -hsync -vsync (15.6 kHz e)
[   111.188] (II) modeset(0): Modeline "800x600"x0.0   40.00  800 840 968 1056  600 601 605 628 +hsync +vsync (37.9 kHz e)
[   111.188] (II) modeset(0): Modeline "640x480"x0.0   31.50  640 656 720 840  480 481 484 500 -hsync -vsync (37.5 kHz e)
[   111.188] (II) modeset(0): Modeline "720x400"x0.0   28.32  720 738 846 900  400 412 414 449 -hsync +vsync (31.5 kHz e)
[   111.188] (II) modeset(0): Modeline "1280x1024"x0.0  135.00  1280 1296 1440 1688  1024 1025 1028 1066 +hsync +vsync (80.0 kHz e)
[   111.188] (II) modeset(0): Modeline "1024x768"x0.0   78.75  1024 1040 1136 1312  768 769 772 800 +hsync +vsync (60.0 kHz e)
[   111.188] (II) modeset(0): Modeline "1024x768"x0.0   65.00  1024 1048 1184 1344  768 771 777 806 -hsync -vsync (48.4 kHz e)
[   111.188] (II) modeset(0): Modeline "832x624"x0.0   57.28  832 864 928 1152  624 625 628 667 -hsync -vsync (49.7 kHz e)
[   111.188] (II) modeset(0): Modeline "800x600"x0.0   49.50  800 816 896 1056  600 601 604 625 +hsync +vsync (46.9 kHz e)
[   111.188] (II) modeset(0): Modeline "1152x864"x0.0  108.00  1152 1216 1344 1600  864 865 868 900 +hsync +vsync (67.5 kHz e)
[   111.188] (II) modeset(0): Modeline "1680x1050"x0.0  119.00  1680 1728 1760 1840  1050 1053 1059 1080 +hsync -vsync (64.7 kHz e)
[   111.188] (II) modeset(0): Modeline "1600x900"x60.0  119.00  1600 1696 1864 2128  900 901 904 932 -hsync +vsync (55.9 kHz e)
[   111.188] (II) modeset(0): Modeline "1280x1024"x0.0  108.00  1280 1328 1440 1688  1024 1025 1028 1066 +hsync +vsync (64.0 kHz e)
[   111.188] (II) modeset(0): Modeline "1280x800"x0.0   71.00  1280 1328 1360 1440  800 803 809 823 +hsync -vsync (49.3 kHz e)
