2023-12-12 08:57:43.008 [info] Extension host with pid 2913 started
2023-12-12 08:57:43.054 [info] ExtensionService#_doActivateExtension vscode.emmet, startup: false, activationEvent: 'onLanguage'
2023-12-12 08:57:43.075 [info] ExtensionService#_doActivateExtension ms-python.python, startup: false, activationEvent: 'onLanguage:python'
2023-12-12 08:57:43.246 [info] ExtensionService#_doActivateExtension ms-python.vscode-pylance, startup: false, activationEvent: 'onLanguage:python'
2023-12-12 08:57:43.945 [info] ExtensionService#_doActivateExtension vscode.git-base, startup: true, activationEvent: '*', root cause: vscode.git
2023-12-12 08:57:43.955 [info] ExtensionService#_doActivateExtension vscode.git, startup: true, activationEvent: '*'
2023-12-12 08:57:43.975 [info] ExtensionService#_doActivateExtension vscode.github, startup: true, activationEvent: '*'
2023-12-12 08:57:44.012 [info] Eager extensions activated
2023-12-12 08:57:44.023 [info] ExtensionService#_doActivateExtension vscode.debug-auto-launch, startup: false, activationEvent: 'onStartupFinished'
2023-12-12 08:57:44.025 [info] ExtensionService#_doActivateExtension vscode.merge-conflict, startup: false, activationEvent: 'onStartupFinished'
2023-12-12 09:35:33.522 [info] Extension host terminating: renderer closed the MessagePort
2023-12-12 09:35:33.542 [error] TypeError: e.clear is not a function
	at _.cleanUp (/home/tango/.vscode/extensions/ms-python.python-2023.22.0/out/client/extension.js:2:2396933)
	at _.shutdown (/home/tango/.vscode/extensions/ms-python.python-2023.22.0/out/client/extension.js:2:2396109)
	at _.stop (/home/tango/.vscode/extensions/ms-python.python-2023.22.0/out/client/extension.js:2:2395537)
	at _.stop (/home/tango/.vscode/extensions/ms-python.python-2023.22.0/out/client/extension.js:2:2561925)
	at Object.stop (/home/tango/.vscode/extensions/ms-python.python-2023.22.0/out/client/extension.js:2:52774)
	at Object.stop (/home/tango/.vscode/extensions/ms-python.vscode-pylance-2023.11.10/dist/extension.bundle.js:1:167421)
	at _0x245439.<computed>._stopClient (/home/tango/.vscode/extensions/ms-python.vscode-pylance-2023.11.10/dist/extension.bundle.js:1:110729)
	at _0x245439.<computed>._createNewRequest (/home/tango/.vscode/extensions/ms-python.vscode-pylance-2023.11.10/dist/extension.bundle.js:1:110308)
2023-12-12 09:35:33.542 [error] TypeError: e.clear is not a function
	at _.cleanUp (/home/tango/.vscode/extensions/ms-python.python-2023.22.0/out/client/extension.js:2:2396933)
	at _.shutdown (/home/tango/.vscode/extensions/ms-python.python-2023.22.0/out/client/extension.js:2:2396109)
	at _.stop (/home/tango/.vscode/extensions/ms-python.python-2023.22.0/out/client/extension.js:2:2395537)
	at _.stop (/home/tango/.vscode/extensions/ms-python.python-2023.22.0/out/client/extension.js:2:2561925)
	at Object.stop (/home/tango/.vscode/extensions/ms-python.python-2023.22.0/out/client/extension.js:2:52774)
	at Object.stop (/home/tango/.vscode/extensions/ms-python.vscode-pylance-2023.11.10/dist/extension.bundle.js:1:167421)
	at _0x245439.<computed>._stopClient (/home/tango/.vscode/extensions/ms-python.vscode-pylance-2023.11.10/dist/extension.bundle.js:1:110729)
	at _0x245439.<computed>._createNewRequest (/home/tango/.vscode/extensions/ms-python.vscode-pylance-2023.11.10/dist/extension.bundle.js:1:110308)
2023-12-12 09:35:33.542 [info] Extension host with pid 2913 exiting with code 0
