2023-12-12 12:08:23.038 [info] Added views:workbench.panel.markers.view in workbench.panel.markers
2023-12-12 12:08:23.038 [info] Added views:workbench.panel.output in workbench.panel.output
2023-12-12 12:08:23.038 [info] Added views:terminal in terminal
2023-12-12 12:08:23.038 [info] Added views:outline in workbench.view.explorer
2023-12-12 12:08:23.038 [info] Added views:workbench.scm in workbench.view.scm
2023-12-12 12:08:23.038 [info] Added views:workbench.view.search in workbench.view.search
2023-12-12 12:08:23.038 [info] Added views:timeline in workbench.view.explorer
2023-12-12 12:08:23.038 [info] Added views:workbench.explorer.emptyView in workbench.view.explorer
2023-12-12 12:08:23.251 [info] Added views:workbench.debug.welcome in workbench.view.debug
2023-12-12 12:08:23.585 [info] Added views:workbench.panel.repl.view in workbench.panel.repl
2023-12-12 12:08:23.816 [info] Added views:workbench.view.testing in workbench.view.extension.test
2023-12-12 12:08:24.391 [info] Added views:~remote.forwardedPorts in ~remote.forwardedPortsContainer
2023-12-12 12:08:42.028 [info] Removed views:workbench.view.testing from workbench.view.extension.test
2023-12-12 12:08:42.434 [info] Added views:workbench.panel.markers.view in workbench.panel.markers
2023-12-12 12:08:42.434 [info] Added views:workbench.panel.output in workbench.panel.output
2023-12-12 12:08:42.434 [info] Added views:terminal in terminal
2023-12-12 12:08:42.434 [info] Added views:outline in workbench.view.explorer
2023-12-12 12:08:42.434 [info] Added views:workbench.scm in workbench.view.scm
2023-12-12 12:08:42.434 [info] Added views:workbench.view.search in workbench.view.search
2023-12-12 12:08:42.434 [info] Added views:timeline in workbench.view.explorer
2023-12-12 12:08:42.434 [info] Added views:workbench.explorer.fileView in workbench.view.explorer
2023-12-12 12:08:42.577 [info] Added views:workbench.debug.welcome in workbench.view.debug
2023-12-12 12:08:42.803 [info] Added views:workbench.panel.repl.view in workbench.panel.repl
2023-12-12 12:08:43.034 [info] Added views:workbench.view.testing in workbench.view.extension.test
2023-12-12 12:08:43.326 [info] Added views:~remote.forwardedPorts in ~remote.forwardedPortsContainer
