2023-12-11 11:08:10.321 [info] Started initializing default profile extensions in extensions installation folder. file:///home/tango/.vscode/extensions
2023-12-11 11:08:10.420 [warning] Failed to create default profile extensions manifest in extensions installation folder. file:///home/tango/.vscode/extensions Unable to create file 'vscode-userdata:/home/tango/.vscode/extensions/extensions.json' that already exists when overwrite flag is not set
2023-12-11 11:08:10.420 [info] Completed initializing default profile extensions in extensions installation folder. file:///home/tango/.vscode/extensions
2023-12-11 11:08:10.497 [error] [uncaught exception in sharedProcess]: Error: ENOENT: no such file or directory, stat '/home/tango/.vscode/extensions/extensions.json.vsctmp': EntryNotFound (FileSystemError): Error: ENOENT: no such file or directory, stat '/home/tango/.vscode/extensions/extensions.json.vsctmp'
    at r.create (/snap/code/147/usr/share/code/resources/app/out/vs/code/node/sharedProcess/sharedProcessMain.js:51:30056)
    at a (/snap/code/147/usr/share/code/resources/app/out/vs/code/node/sharedProcess/sharedProcessMain.js:51:30170)
    at s.fb (/snap/code/147/usr/share/code/resources/app/out/vs/code/node/sharedProcess/sharedProcessMain.js:56:36175)
    at s.stat (/snap/code/147/usr/share/code/resources/app/out/vs/code/node/sharedProcess/sharedProcessMain.js:56:28621)
    at async E.stat (/snap/code/147/usr/share/code/resources/app/out/vs/code/node/sharedProcess/sharedProcessMain.js:56:15732)
    at async Y.tb (/snap/code/147/usr/share/code/resources/app/out/vs/code/node/sharedProcess/sharedProcessMain.js:100:111319)
2023-12-11 11:22:05.764 [info] Getting Manifest... ms-python.vscode-pylance
2023-12-11 11:22:05.780 [info] Installing extension: ms-python.vscode-pylance
2023-12-11 11:22:06.746 [info] Getting Manifest... ms-python.python
2023-12-11 11:22:06.820 [info] Installing extension: ms-python.python ms-python.vscode-pylance
2023-12-11 11:22:14.879 [info] Extension signature is verified: ms-python.python
2023-12-11 11:22:16.161 [info] Extracted extension to file:///home/tango/.vscode/extensions/ms-python.python-2023.22.0: ms-python.python
2023-12-11 11:22:16.168 [info] Renamed to /home/tango/.vscode/extensions/ms-python.python-2023.22.0
2023-12-11 11:22:16.171 [info] Extracting extension completed. ms-python.python
2023-12-11 11:22:16.255 [error] [uncaught exception in sharedProcess]: Error: ENOENT: no such file or directory, stat '/home/tango/.vscode/extensions/extensions.json.vsctmp': EntryNotFound (FileSystemError): Error: ENOENT: no such file or directory, stat '/home/tango/.vscode/extensions/extensions.json.vsctmp'
    at r.create (/snap/code/147/usr/share/code/resources/app/out/vs/code/node/sharedProcess/sharedProcessMain.js:51:30056)
    at a (/snap/code/147/usr/share/code/resources/app/out/vs/code/node/sharedProcess/sharedProcessMain.js:51:30170)
    at s.fb (/snap/code/147/usr/share/code/resources/app/out/vs/code/node/sharedProcess/sharedProcessMain.js:56:36175)
    at s.stat (/snap/code/147/usr/share/code/resources/app/out/vs/code/node/sharedProcess/sharedProcessMain.js:56:28621)
    at async E.stat (/snap/code/147/usr/share/code/resources/app/out/vs/code/node/sharedProcess/sharedProcessMain.js:56:15732)
    at async Y.tb (/snap/code/147/usr/share/code/resources/app/out/vs/code/node/sharedProcess/sharedProcessMain.js:100:111319)
2023-12-11 11:22:17.956 [info] Extension signature is verified: ms-python.vscode-pylance
2023-12-11 11:22:19.759 [info] Extracted extension to file:///home/tango/.vscode/extensions/ms-python.vscode-pylance-2023.11.10: ms-python.vscode-pylance
2023-12-11 11:22:19.766 [info] Renamed to /home/tango/.vscode/extensions/ms-python.vscode-pylance-2023.11.10
2023-12-11 11:22:19.768 [info] Extracting extension completed. ms-python.vscode-pylance
2023-12-11 11:22:19.776 [info] Extension installed successfully: ms-python.python
2023-12-11 11:22:19.776 [info] Extension installed successfully: ms-python.vscode-pylance
2023-12-11 11:22:19.849 [error] [uncaught exception in sharedProcess]: Error: ENOENT: no such file or directory, stat '/home/tango/.vscode/extensions/extensions.json.vsctmp': EntryNotFound (FileSystemError): Error: ENOENT: no such file or directory, stat '/home/tango/.vscode/extensions/extensions.json.vsctmp'
    at r.create (/snap/code/147/usr/share/code/resources/app/out/vs/code/node/sharedProcess/sharedProcessMain.js:51:30056)
    at a (/snap/code/147/usr/share/code/resources/app/out/vs/code/node/sharedProcess/sharedProcessMain.js:51:30170)
    at s.fb (/snap/code/147/usr/share/code/resources/app/out/vs/code/node/sharedProcess/sharedProcessMain.js:56:36175)
    at s.stat (/snap/code/147/usr/share/code/resources/app/out/vs/code/node/sharedProcess/sharedProcessMain.js:56:28621)
    at async E.stat (/snap/code/147/usr/share/code/resources/app/out/vs/code/node/sharedProcess/sharedProcessMain.js:56:15732)
    at async Y.tb (/snap/code/147/usr/share/code/resources/app/out/vs/code/node/sharedProcess/sharedProcessMain.js:100:111319)
