2023-12-12 12:08:25.673 [info] [Info  - 12:08:25] (9786) Pylance language server 2023.11.10 (pyright 088ebaa5) starting
2023-12-12 12:08:25.673 [info] [Info  - 12:08:25] (9786) Server root directory: /home/tango/.vscode/extensions/ms-python.vscode-pylance-2023.11.10/dist
2023-12-12 12:08:25.707 [info] [Info  - 12:08:25] (9786) Starting service instance "<default>"
2023-12-12 12:08:25.720 [info] [Info  - 12:08:25] (9786) Setting pythonPath for service "<default>": "/bin/python3"
2023-12-12 12:08:25.720 [info] [Info  - 12:08:25] (9786) Setting environmentName for service "<default>": "3.8.10 (global)"
2023-12-12 12:08:25.743 [info] [Info  - 12:08:25] (9786) Assuming Python version 3.8
2023-12-12 12:08:25.786 [info] [Info  - 12:08:25] (9786) No source files found.
2023-12-12 12:08:25.842 [info] [Info  - 12:08:25] (9786) Setting pythonPath for service "<default>": "/bin/python3"
2023-12-12 12:08:25.842 [info] [Info  - 12:08:25] (9786) Setting environmentName for service "<default>": "3.8.10 (global)"
2023-12-12 12:08:25.870 [info] [Info  - 12:08:25] (9786) Assuming Python version 3.8
2023-12-12 12:08:25.908 [info] [Info  - 12:08:25] (9786) No source files found.
2023-12-12 12:08:44.772 [info] [Info  - 12:08:44] (9931) Pylance language server 2023.11.10 (pyright 088ebaa5) starting
2023-12-12 12:08:44.772 [info] [Info  - 12:08:44] (9931) Server root directory: /home/tango/.vscode/extensions/ms-python.vscode-pylance-2023.11.10/dist
2023-12-12 12:08:44.772 [info] [Info  - 12:08:44] (9931) Starting service instance "day2"
2023-12-12 12:08:44.799 [info] [Info  - 12:08:44] (9931) Setting pythonPath for service "day2": "/home/tango/day2/venv/bin/python"
2023-12-12 12:08:44.800 [info] [Info  - 12:08:44] (9931) Setting environmentName for service "day2": "3.8.10 (venv venv)"
2023-12-12 12:08:44.821 [info] [Info  - 12:08:44] (9931) Assuming Python version 3.8
2023-12-12 12:08:44.855 [info] [Info  - 12:08:44] (9931) Auto-excluding /home/tango/day2/venv
2023-12-12 12:08:44.857 [info] [Info  - 12:08:44] (9931) Found 3 source files
2023-12-12 12:10:58.740 [info] [Info  - 12:10:58] (9931) Found 4 source files
2023-12-12 14:13:06.580 [info] [Info  - 14:13:06] (9931) Found 5 source files
2023-12-12 14:19:59.160 [info] [Info  - 14:19:59] (9931) Found 5 source files
2023-12-12 15:43:39.783 [info] [Info  - 15:43:39] (9931) Found 9 source files
