2023-12-12 12:08:24.726 [info] Log level: Info
2023-12-12 12:08:24.726 [info] Validating found git in: "git"
2023-12-12 12:08:24.726 [info] Using git "2.25.1" from "git"
2023-12-12 12:08:24.726 [info] > git rev-parse --show-toplevel [4ms]
2023-12-12 12:08:43.803 [info] Log level: Info
2023-12-12 12:08:43.803 [info] Validating found git in: "git"
2023-12-12 12:08:43.803 [info] Using git "2.25.1" from "git"
2023-12-12 12:08:43.803 [info] > git rev-parse --show-toplevel [5ms]
2023-12-12 12:08:43.813 [info] > git rev-parse --show-toplevel [2ms]
2023-12-12 12:08:43.820 [info] > git rev-parse --show-toplevel [1ms]
2023-12-12 12:08:43.826 [info] > git rev-parse --show-toplevel [0ms]
2023-12-12 12:08:44.476 [info] > git rev-parse --show-toplevel [2ms]
2023-12-12 12:09:38.985 [info] > git rev-parse --show-toplevel [4ms]
2023-12-12 12:10:43.344 [info] > git rev-parse --show-toplevel [2ms]
2023-12-12 12:11:03.705 [info] > git rev-parse --show-toplevel [2ms]
2023-12-12 12:11:21.153 [info] > git rev-parse --show-toplevel [2ms]
2023-12-12 12:26:18.216 [info] > git rev-parse --show-toplevel [2ms]
2023-12-12 12:26:19.374 [info] > git rev-parse --show-toplevel [1ms]
2023-12-12 12:38:39.543 [info] > git rev-parse --show-toplevel [1ms]
2023-12-12 12:38:39.550 [info] > git rev-parse --git-dir --git-common-dir [1ms]
2023-12-12 12:38:39.558 [info] Open repository: /home/tango/day2/clone repo/lesson-002-e9pkumar
2023-12-12 12:38:39.567 [info] > git config --get commit.template [2ms]
2023-12-12 12:38:39.579 [info] > git for-each-ref --format=%(refname)%00%(upstream:short)%00%(objectname)%00%(upstream:track)%00%(upstream:remotename)%00%(upstream:remoteref) refs/heads/main refs/remotes/main [3ms]
2023-12-12 12:38:39.585 [warning] ENOENT: no such file or directory, open '/home/tango/day2/clone repo/lesson-002-e9pkumar/.git/refs/remotes/origin/main'
2023-12-12 12:38:39.586 [info] > git rev-parse refs/remotes/origin/main [1ms]
2023-12-12 12:38:39.597 [info] > git status -z -uall [3ms]
2023-12-12 12:38:39.616 [info] > git config --get commit.template [6ms]
2023-12-12 12:38:39.617 [info] > git for-each-ref --format=%(refname)%00%(upstream:short)%00%(objectname)%00%(upstream:track)%00%(upstream:remotename)%00%(upstream:remoteref) refs/heads/main refs/remotes/main [1ms]
2023-12-12 12:38:39.622 [warning] ENOENT: no such file or directory, open '/home/tango/day2/clone repo/lesson-002-e9pkumar/.git/refs/remotes/origin/main'
2023-12-12 12:38:39.623 [info] > git rev-parse refs/remotes/origin/main [1ms]
2023-12-12 12:38:39.632 [info] > git status -z -uall [1ms]
2023-12-12 12:38:39.910 [info] > git show --textconv :assignment.py [19ms]
2023-12-12 12:38:39.914 [info] > git ls-files --stage -- /home/tango/day2/clone repo/lesson-002-e9pkumar/assignment.py [5ms]
2023-12-12 12:38:39.935 [info] > git cat-file -s 76610af149116f93cb503b97a52f01b219cf539d [4ms]
2023-12-12 12:38:40.163 [info] > git check-ignore -v -z --stdin [4ms]
2023-12-12 13:22:49.279 [info] > git config --get commit.template [17ms]
2023-12-12 13:22:49.281 [info] > git for-each-ref --format=%(refname)%00%(upstream:short)%00%(objectname)%00%(upstream:track)%00%(upstream:remotename)%00%(upstream:remoteref) refs/heads/main refs/remotes/main [5ms]
2023-12-12 13:22:49.294 [warning] ENOENT: no such file or directory, open '/home/tango/day2/clone repo/lesson-002-e9pkumar/.git/refs/remotes/origin/main'
2023-12-12 13:22:49.297 [info] > git rev-parse refs/remotes/origin/main [4ms]
2023-12-12 13:22:49.315 [info] > git status -z -uall [6ms]
2023-12-12 14:13:06.458 [info] > git show --textconv :answerr.py [17ms]
2023-12-12 14:13:06.461 [info] > git ls-files --stage -- /home/tango/day2/clone repo/lesson-002-e9pkumar/answerr.py [5ms]
2023-12-12 14:13:06.665 [info] > git check-ignore -v -z --stdin [1ms]
2023-12-12 14:13:07.279 [info] > git config --get commit.template [17ms]
2023-12-12 14:13:07.281 [info] > git for-each-ref --format=%(refname)%00%(upstream:short)%00%(objectname)%00%(upstream:track)%00%(upstream:remotename)%00%(upstream:remoteref) refs/heads/main refs/remotes/main [5ms]
2023-12-12 14:13:07.299 [warning] ENOENT: no such file or directory, open '/home/tango/day2/clone repo/lesson-002-e9pkumar/.git/refs/remotes/origin/main'
2023-12-12 14:13:07.303 [info] > git rev-parse refs/remotes/origin/main [4ms]
2023-12-12 14:13:07.323 [info] > git status -z -uall [5ms]
2023-12-12 14:19:58.771 [info] > git rev-parse --show-toplevel [1ms]
2023-12-12 15:40:35.592 [info] > git rev-parse --show-toplevel [1ms]
2023-12-12 15:40:35.598 [info] > git rev-parse --git-dir --git-common-dir [1ms]
2023-12-12 15:40:35.601 [info] Open repository: /home/tango/day2/math-002-e9pkumar
2023-12-12 15:40:35.608 [info] > git config --get commit.template [2ms]
2023-12-12 15:40:35.614 [info] > git for-each-ref --format=%(refname)%00%(upstream:short)%00%(objectname)%00%(upstream:track)%00%(upstream:remotename)%00%(upstream:remoteref) refs/heads/master refs/remotes/master [1ms]
2023-12-12 15:40:35.621 [info] > git status -z -uall [1ms]
2023-12-12 15:40:35.630 [info] > git config --get commit.template [1ms]
2023-12-12 15:40:35.635 [info] > git for-each-ref --format=%(refname)%00%(upstream:short)%00%(objectname)%00%(upstream:track)%00%(upstream:remotename)%00%(upstream:remoteref) refs/heads/master refs/remotes/master [1ms]
2023-12-12 15:40:35.641 [info] > git status -z -uall [1ms]
2023-12-12 15:40:36.134 [info] > git check-ignore -v -z --stdin [6ms]
2023-12-12 15:40:36.134 [info] > git check-ignore -v -z --stdin [1ms]
2023-12-12 15:44:02.808 [info] > git config --get commit.template [12ms]
2023-12-12 15:44:02.809 [info] > git for-each-ref --format=%(refname)%00%(upstream:short)%00%(objectname)%00%(upstream:track)%00%(upstream:remotename)%00%(upstream:remoteref) refs/heads/main refs/remotes/main [2ms]
2023-12-12 15:44:02.817 [warning] ENOENT: no such file or directory, open '/home/tango/day2/math-002-e9pkumar/.git/refs/remotes/origin/main'
2023-12-12 15:44:02.818 [info] > git rev-parse refs/remotes/origin/main [1ms]
2023-12-12 15:44:02.825 [info] > git status -z -uall [1ms]
2023-12-12 15:44:06.071 [info] > git show --textconv :answerr.py [15ms]
2023-12-12 15:44:06.075 [info] > git ls-files --stage -- /home/tango/day2/clone repo/lesson-002-e9pkumar/answerr.py [6ms]
2023-12-12 15:44:07.642 [info] > git show --textconv :assignment.py [16ms]
2023-12-12 15:44:07.645 [info] > git ls-files --stage -- /home/tango/day2/clone repo/lesson-002-e9pkumar/assignment.py [4ms]
2023-12-12 15:44:07.658 [info] > git cat-file -s 76610af149116f93cb503b97a52f01b219cf539d [2ms]
2023-12-12 15:44:10.360 [info] > git show --textconv :answerr.py [17ms]
2023-12-12 15:44:10.363 [info] > git ls-files --stage -- /home/tango/day2/clone repo/lesson-002-e9pkumar/answerr.py [4ms]
2023-12-12 15:44:21.448 [info] > git rev-parse --show-toplevel [1ms]
2023-12-12 15:44:30.075 [info] > git show --textconv :answerr.py [16ms]
2023-12-12 15:44:30.079 [info] > git ls-files --stage -- /home/tango/day2/clone repo/lesson-002-e9pkumar/answerr.py [4ms]
2023-12-12 15:45:02.952 [info] > git show --textconv :answer.py [7ms]
2023-12-12 15:45:02.953 [info] > git ls-files --stage -- /home/tango/day2/math-002-e9pkumar/answer.py [2ms]
2023-12-12 15:45:02.960 [info] > git cat-file -s 9ca522f84a392df7662547aa1c5e553714701a48 [2ms]
2023-12-12 15:45:03.319 [info] > git check-ignore -v -z --stdin [3ms]
2023-12-12 15:46:38.927 [info] > git config --get commit.template [16ms]
2023-12-12 15:46:38.929 [info] > git for-each-ref --format=%(refname)%00%(upstream:short)%00%(objectname)%00%(upstream:track)%00%(upstream:remotename)%00%(upstream:remoteref) refs/heads/main refs/remotes/main [3ms]
2023-12-12 15:46:38.942 [warning] ENOENT: no such file or directory, open '/home/tango/day2/math-002-e9pkumar/.git/refs/remotes/origin/main'
2023-12-12 15:46:38.945 [info] > git rev-parse refs/remotes/origin/main [3ms]
2023-12-12 15:46:38.963 [info] > git status -z -uall [5ms]
2023-12-12 15:52:05.910 [info] > git show --textconv :solver.py [19ms]
2023-12-12 15:52:05.912 [info] > git ls-files --stage -- /home/tango/day2/math-002-e9pkumar/solver.py [4ms]
2023-12-12 15:52:05.930 [info] > git cat-file -s 809246a0f2ff383293afa6b62091083a98b76d37 [5ms]
2023-12-12 16:02:51.080 [info] > git show --textconv :answer.py [17ms]
2023-12-12 16:02:51.083 [info] > git ls-files --stage -- /home/tango/day2/math-002-e9pkumar/answer.py [4ms]
2023-12-12 16:02:51.098 [info] > git cat-file -s 9ca522f84a392df7662547aa1c5e553714701a48 [2ms]
2023-12-12 16:03:33.646 [info] > git show --textconv :solver.py [16ms]
2023-12-12 16:03:33.649 [info] > git ls-files --stage -- /home/tango/day2/math-002-e9pkumar/solver.py [4ms]
2023-12-12 16:03:33.663 [info] > git cat-file -s 809246a0f2ff383293afa6b62091083a98b76d37 [3ms]
2023-12-12 16:07:30.087 [info] > git show --textconv :answer.py [15ms]
2023-12-12 16:07:30.089 [info] > git ls-files --stage -- /home/tango/day2/math-002-e9pkumar/answer.py [4ms]
2023-12-12 16:07:30.108 [info] > git cat-file -s 9ca522f84a392df7662547aa1c5e553714701a48 [3ms]
2023-12-12 16:08:51.026 [info] > git show --textconv :solver.py [17ms]
2023-12-12 16:08:51.028 [info] > git ls-files --stage -- /home/tango/day2/math-002-e9pkumar/solver.py [6ms]
2023-12-12 16:08:51.044 [info] > git cat-file -s 809246a0f2ff383293afa6b62091083a98b76d37 [3ms]
2023-12-12 16:13:31.056 [info] > git show --textconv :answer.py [6ms]
2023-12-12 16:13:31.057 [info] > git ls-files --stage -- /home/tango/day2/math-002-e9pkumar/answer.py [2ms]
2023-12-12 16:13:31.063 [info] > git cat-file -s 9ca522f84a392df7662547aa1c5e553714701a48 [1ms]
2023-12-12 16:13:43.454 [info] > git show --textconv :solver.py [16ms]
2023-12-12 16:13:43.458 [info] > git ls-files --stage -- /home/tango/day2/math-002-e9pkumar/solver.py [4ms]
2023-12-12 16:13:43.473 [info] > git cat-file -s 809246a0f2ff383293afa6b62091083a98b76d37 [5ms]
2023-12-12 16:22:31.754 [info] > git show --textconv :answerr.py [15ms]
2023-12-12 16:22:31.758 [info] > git ls-files --stage -- /home/tango/day2/clone repo/lesson-002-e9pkumar/answerr.py [5ms]
2023-12-12 16:22:40.059 [info] > git show --textconv :answer.py [15ms]
2023-12-12 16:22:40.062 [info] > git ls-files --stage -- /home/tango/day2/math-002-e9pkumar/answer.py [4ms]
2023-12-12 16:22:40.078 [info] > git cat-file -s 9ca522f84a392df7662547aa1c5e553714701a48 [2ms]
2023-12-12 16:30:58.256 [info] > git show --textconv :solver.py [16ms]
2023-12-12 16:30:58.259 [info] > git ls-files --stage -- /home/tango/day2/math-002-e9pkumar/solver.py [4ms]
2023-12-12 16:30:58.274 [info] > git cat-file -s 809246a0f2ff383293afa6b62091083a98b76d37 [3ms]
2023-12-12 16:31:15.091 [info] > git config --get commit.template [6ms]
2023-12-12 16:31:15.091 [info] > git for-each-ref --format=%(refname)%00%(upstream:short)%00%(objectname)%00%(upstream:track)%00%(upstream:remotename)%00%(upstream:remoteref) refs/heads/main refs/remotes/main [1ms]
2023-12-12 16:31:15.096 [warning] ENOENT: no such file or directory, open '/home/tango/day2/math-002-e9pkumar/.git/refs/remotes/origin/main'
2023-12-12 16:31:15.097 [info] > git rev-parse refs/remotes/origin/main [1ms]
2023-12-12 16:31:15.103 [info] > git status -z -uall [1ms]
2023-12-12 16:41:37.590 [info] > git config --get commit.template [170ms]
2023-12-12 16:41:37.608 [info] > git for-each-ref --format=%(refname)%00%(upstream:short)%00%(objectname)%00%(upstream:track)%00%(upstream:remotename)%00%(upstream:remoteref) refs/heads/main refs/remotes/main [184ms]
2023-12-12 16:41:37.623 [warning] ENOENT: no such file or directory, open '/home/tango/day2/math-002-e9pkumar/.git/refs/remotes/origin/main'
2023-12-12 16:41:37.635 [info] > git rev-parse refs/remotes/origin/main [15ms]
2023-12-12 16:41:37.679 [info] > git status -z -uall [24ms]
2023-12-12 16:46:54.168 [info] > git config --get commit.template [5ms]
2023-12-12 16:46:54.169 [info] > git for-each-ref --format=%(refname)%00%(upstream:short)%00%(objectname)%00%(upstream:track)%00%(upstream:remotename)%00%(upstream:remoteref) refs/heads/main refs/remotes/main [1ms]
2023-12-12 16:46:54.173 [warning] ENOENT: no such file or directory, open '/home/tango/day2/math-002-e9pkumar/.git/refs/remotes/origin/main'
2023-12-12 16:46:54.174 [info] > git rev-parse refs/remotes/origin/main [1ms]
2023-12-12 16:46:54.180 [info] > git status -z -uall [1ms]
